<?xml version="1.0" encoding="UTF-8"?>
<testng-results skipped="0" failed="0" ignored="0" total="1" passed="1">
  <reporter-output>
  </reporter-output>
  <suite name="Default suite" duration-ms="943" started-at="2019-11-06T18:00:13 CET" finished-at="2019-11-06T18:00:14 CET">
    <groups>
    </groups>
    <test name="Default test" duration-ms="943" started-at="2019-11-06T18:00:13 CET" finished-at="2019-11-06T18:00:14 CET">
      <class name="com.qa.tests.PostAPITest">
        <test-method status="PASS" signature="setUp()[pri:0, instance:com.qa.tests.PostAPITest@4b4523f8]" name="setUp" is-config="true" duration-ms="5" started-at="2019-11-06T18:00:13 CET" finished-at="2019-11-06T18:00:13 CET">
          <reporter-output>
          </reporter-output>
        </test-method> <!-- setUp -->
        <test-method status="PASS" signature="postAPITest()[pri:0, instance:com.qa.tests.PostAPITest@4b4523f8]" name="postAPITest" duration-ms="910" started-at="2019-11-06T18:00:13 CET" finished-at="2019-11-06T18:00:14 CET">
          <reporter-output>
          </reporter-output>
        </test-method> <!-- postAPITest -->
      </class> <!-- com.qa.tests.PostAPITest -->
    </test> <!-- Default test -->
  </suite> <!-- Default suite -->
</testng-results>
